#
# There is insufficient memory for the Java Runtime Environment to continue.
# Native memory allocation (mmap) failed to map 18874368 bytes for G1 virtual space
# Possible reasons:
#   The system is out of physical RAM or swap space
#   The process is running with CompressedOops enabled, and the Java Heap may be blocking the growth of the native heap
# Possible solutions:
#   Reduce memory load on the system
#   Increase physical memory or swap space
#   Check if swap backing store is full
#   Decrease Java heap size (-Xmx/-Xms)
#   Decrease number of Java threads
#   Decrease Java thread stack sizes (-Xss)
#   Set larger code cache with -XX:ReservedCodeCacheSize=
#   JVM is running with Unscaled Compressed Oops mode in which the Java heap is
#     placed in the first 4GB address space. The Java Heap base address is the
#     maximum limit for the native heap growth. Please use -XX:HeapBaseMinAddress
#     to set the Java Heap base and to place the Java Heap above 4GB virtual address.
# This output file may be truncated or incomplete.
#
#  Out of Memory Error (os_windows.cpp:3559), pid=8484, tid=12640
#
# JRE version: OpenJDK Runtime Environment Temurin-17.0.7+7 (17.0.7+7) (build 17.0.7+7)
# Java VM: OpenJDK 64-Bit Server VM Temurin-17.0.7+7 (17.0.7+7, mixed mode, emulated-client, tiered, compressed oops, compressed class ptrs, g1 gc, windows-amd64)
# No core dump will be written. Minidumps are not enabled by default on client versions of Windows
#

---------------  S U M M A R Y ------------

Command Line: -Dcom.sun.management.jmxremote -Dcom.sun.management.jmxremote.port=57396 -Dcom.sun.management.jmxremote.authenticate=false -Dcom.sun.management.jmxremote.ssl=false -Djava.rmi.server.hostname=localhost -Dspring.jmx.enabled=true -Dmanagement.endpoints.jmx.exposure.include=* -Dspring.application.admin.enabled=true -XX:TieredStopAtLevel=1 -Dspring.boot.project.name=movie-app-backend -Dfile.encoding=UTF-8 -XX:+ShowCodeDetailsInExceptionMessages com.example.movieappbackend.MovieAppBackendApplication --spring.output.ansi.enabled=always

Host: Intel(R) Celeron(R) CPU N3350 @ 1.10GHz, 2 cores, 3G,  Windows 10 , 64 bit Build 19041 (10.0.19041.2913)
Time: Thu Jun  8 12:29:12 2023 Hora oficial do Brasil elapsed time: 9.078275 seconds (0d 0h 0m 9s)

---------------  T H R E A D  ---------------

Current thread (0x000001c363a2dcc0):  VMThread "VM Thread" [stack: 0x0000003cdbc00000,0x0000003cdbd00000] [id=12640]

Stack: [0x0000003cdbc00000,0x0000003cdbd00000]
Native frames: (J=compiled Java code, j=interpreted, Vv=VM code, C=native code)
V  [jvm.dll+0x67754a]
V  [jvm.dll+0x834304]
V  [jvm.dll+0x835aae]
V  [jvm.dll+0x836113]
V  [jvm.dll+0x24696f]
V  [jvm.dll+0x6743f9]
V  [jvm.dll+0x668c8a]
V  [jvm.dll+0x3061bb]
V  [jvm.dll+0x30d6a6]
V  [jvm.dll+0x35cece]
V  [jvm.dll+0x35d0ff]
V  [jvm.dll+0x2dd048]
V  [jvm.dll+0x2db20c]
V  [jvm.dll+0x2da7dc]
V  [jvm.dll+0x31e6db]
V  [jvm.dll+0x83a5bb]
V  [jvm.dll+0x83b2f4]
V  [jvm.dll+0x83b80c]
V  [jvm.dll+0x83bbe4]
V  [jvm.dll+0x83bcb0]
V  [jvm.dll+0x7e4e7a]
V  [jvm.dll+0x676395]
C  [ucrtbase.dll+0x21bb2]
C  [KERNEL32.DLL+0x17614]
C  [ntdll.dll+0x526a1]

VM_Operation (0x0000003cdd1f9a20): G1CollectForAllocation, mode: safepoint, requested by thread 0x000001c373a4e2c0


---------------  P R O C E S S  ---------------

Threads class SMR info:
_java_thread_list=0x000001c373cd2b10, length=20, elements={
0x000001c36396f300, 0x000001c36e2a4180, 0x000001c36e2a7d30, 0x000001c36e2e33a0,
0x000001c36e2e4e70, 0x000001c36e2e7840, 0x000001c36e2e8100, 0x000001c36e2e8a70,
0x000001c36e320a50, 0x000001c363a0a3d0, 0x000001c36e5825c0, 0x000001c36e5cd8f0,
0x000001c3735ab010, 0x000001c3734e3f50, 0x000001c3734e8a90, 0x000001c3735f55b0,
0x000001c3735f5a80, 0x000001c373598e60, 0x000001c373659a60, 0x000001c373a4e2c0
}

Java Threads: ( => current thread )
  0x000001c36396f300 JavaThread "main" [_thread_blocked, id=7960, stack(0x0000003cdb600000,0x0000003cdb700000)]
  0x000001c36e2a4180 JavaThread "Reference Handler" daemon [_thread_blocked, id=9576, stack(0x0000003cdbd00000,0x0000003cdbe00000)]
  0x000001c36e2a7d30 JavaThread "Finalizer" daemon [_thread_blocked, id=6436, stack(0x0000003cdbe00000,0x0000003cdbf00000)]
  0x000001c36e2e33a0 JavaThread "Signal Dispatcher" daemon [_thread_blocked, id=5496, stack(0x0000003cdbf00000,0x0000003cdc000000)]
  0x000001c36e2e4e70 JavaThread "Attach Listener" daemon [_thread_blocked, id=6136, stack(0x0000003cdc000000,0x0000003cdc100000)]
  0x000001c36e2e7840 JavaThread "Service Thread" daemon [_thread_blocked, id=3604, stack(0x0000003cdc100000,0x0000003cdc200000)]
  0x000001c36e2e8100 JavaThread "Monitor Deflation Thread" daemon [_thread_blocked, id=7964, stack(0x0000003cdc200000,0x0000003cdc300000)]
  0x000001c36e2e8a70 JavaThread "C1 CompilerThread0" daemon [_thread_blocked, id=12872, stack(0x0000003cdc300000,0x0000003cdc400000)]
  0x000001c36e320a50 JavaThread "Sweeper thread" daemon [_thread_blocked, id=12468, stack(0x0000003cdc400000,0x0000003cdc500000)]
  0x000001c363a0a3d0 JavaThread "Common-Cleaner" daemon [_thread_blocked, id=2792, stack(0x0000003cdc500000,0x0000003cdc600000)]
  0x000001c36e5825c0 JavaThread "C1 CompilerThread1" daemon [_thread_blocked, id=12876, stack(0x0000003cdc600000,0x0000003cdc700000)]
  0x000001c36e5cd8f0 JavaThread "Notification Thread" daemon [_thread_blocked, id=9092, stack(0x0000003cdc700000,0x0000003cdc800000)]
  0x000001c3735ab010 JavaThread "RMI TCP Accept-0" daemon [_thread_in_native, id=10572, stack(0x0000003cdc900000,0x0000003cdca00000)]
  0x000001c3734e3f50 JavaThread "RMI TCP Accept-57396" daemon [_thread_in_native, id=4592, stack(0x0000003cdca00000,0x0000003cdcb00000)]
  0x000001c3734e8a90 JavaThread "RMI TCP Accept-0" daemon [_thread_in_native, id=2052, stack(0x0000003cdcb00000,0x0000003cdcc00000)]
  0x000001c3735f55b0 JavaThread "RMI TCP Connection(1)-127.0.0.1" daemon [_thread_in_native, id=8668, stack(0x0000003cdcd00000,0x0000003cdce00000)]
  0x000001c3735f5a80 JavaThread "RMI TCP Connection(2)-127.0.0.1" daemon [_thread_in_native, id=8304, stack(0x0000003cdce00000,0x0000003cdcf00000)]
  0x000001c373598e60 JavaThread "RMI Scheduler(0)" daemon [_thread_blocked, id=3968, stack(0x0000003cdcf00000,0x0000003cdd000000)]
  0x000001c373659a60 JavaThread "JMX server connection timeout 20" daemon [_thread_blocked, id=8812, stack(0x0000003cdd000000,0x0000003cdd100000)]
  0x000001c373a4e2c0 JavaThread "background-preinit" [_thread_blocked, id=9240, stack(0x0000003cdd100000,0x0000003cdd200000)]

Other Threads:
=>0x000001c363a2dcc0 VMThread "VM Thread" [stack: 0x0000003cdbc00000,0x0000003cdbd00000] [id=12640]
  0x000001c3639703d0 WatcherThread [stack: 0x0000003cdcc00000,0x0000003cdcd00000] [id=6952]
  0x000001c3639ab510 GCTaskThread "GC Thread#0" [stack: 0x0000003cdb700000,0x0000003cdb800000] [id=4840]
  0x000001c36e6661f0 GCTaskThread "GC Thread#1" [stack: 0x0000003cdc800000,0x0000003cdc900000] [id=8572]
  0x000001c3639b3e20 ConcurrentGCThread "G1 Main Marker" [stack: 0x0000003cdb800000,0x0000003cdb900000] [id=13640]
  0x000001c3639b4ee0 ConcurrentGCThread "G1 Conc#0" [stack: 0x0000003cdb900000,0x0000003cdba00000] [id=1676]
  0x000001c3639eaa90 ConcurrentGCThread "G1 Refine#0" [stack: 0x0000003cdba00000,0x0000003cdbb00000] [id=1840]
  0x000001c3639ebb60 ConcurrentGCThread "G1 Service" [stack: 0x0000003cdbb00000,0x0000003cdbc00000] [id=7652]

Threads with active compile tasks:

VM state: at safepoint (normal execution)

VM Mutex/Monitor currently owned by a thread:  ([mutex/lock_event])
[0x000001c36396af50] Threads_lock - owner thread: 0x000001c363a2dcc0
[0x000001c36396a5c0] Heap_lock - owner thread: 0x000001c373a4e2c0

Heap address: 0x00000000c2a00000, size: 982 MB, Compressed Oops mode: 32-bit

CDS archive(s) not mapped
Compressed class space mapped at: 0x0000000100000000-0x0000000140000000, reserved size: 1073741824
Narrow klass base: 0x0000000000000000, Narrow klass shift: 3, Narrow klass range: 0x140000000

GC Precious Log:
 CPUs: 2 total, 2 available
 Memory: 3927M
 Large Page Support: Disabled
 NUMA Support: Disabled
 Compressed Oops: Enabled (32-bit)
 Heap Region Size: 1M
 Heap Min Capacity: 8M
 Heap Initial Capacity: 62M
 Heap Max Capacity: 982M
 Pre-touch: Disabled
 Parallel Workers: 2
 Concurrent Workers: 1
 Concurrent Refinement Workers: 2
 Periodic GC: Disabled

Heap:
 garbage-first heap   total 45056K, used 12992K [0x00000000c2a00000, 0x0000000100000000)
  region size 1024K, 1 young (1024K), 1 survivors (1024K)
 Metaspace       used 28778K, committed 29056K, reserved 1114112K
  class space    used 3501K, committed 3648K, reserved 1048576K

Heap Regions: E=young(eden), S=young(survivor), O=old, HS=humongous(starts), HC=humongous(continues), CS=collection set, F=free, OA=open archive, CA=closed archive, TAMS=top-at-mark-start (previous, next)
|   0|0x00000000c2a00000, 0x00000000c2b00000, 0x00000000c2b00000|100%|HS|  |TAMS 0x00000000c2b00000, 0x00000000c2a00000| Complete 
|   1|0x00000000c2b00000, 0x00000000c2c00000, 0x00000000c2c00000|100%| O|  |TAMS 0x00000000c2c00000, 0x00000000c2b00000| Untracked 
|   2|0x00000000c2c00000, 0x00000000c2d00000, 0x00000000c2d00000|100%| O|  |TAMS 0x00000000c2d00000, 0x00000000c2c00000| Untracked 
|   3|0x00000000c2d00000, 0x00000000c2e00000, 0x00000000c2e00000|100%| O|  |TAMS 0x00000000c2e00000, 0x00000000c2d00000| Untracked 
|   4|0x00000000c2e00000, 0x00000000c2f00000, 0x00000000c2f00000|100%| O|  |TAMS 0x00000000c2f00000, 0x00000000c2e00000| Untracked 
|   5|0x00000000c2f00000, 0x00000000c3000000, 0x00000000c3000000|100%| O|  |TAMS 0x00000000c3000000, 0x00000000c2f00000| Untracked 
|   6|0x00000000c3000000, 0x00000000c3100000, 0x00000000c3100000|100%| O|  |TAMS 0x00000000c3100000, 0x00000000c3000000| Untracked 
|   7|0x00000000c3100000, 0x00000000c3200000, 0x00000000c3200000|100%| O|  |TAMS 0x00000000c314dc00, 0x00000000c3100000| Untracked 
|   8|0x00000000c3200000, 0x00000000c3200000, 0x00000000c3300000|  0%| F|  |TAMS 0x00000000c3200000, 0x00000000c3200000| Untracked 
|   9|0x00000000c3300000, 0x00000000c3400000, 0x00000000c3400000|100%| O|  |TAMS 0x00000000c3300000, 0x00000000c3300000| Untracked 
|  10|0x00000000c3400000, 0x00000000c3500000, 0x00000000c3500000|100%| O|  |TAMS 0x00000000c3400000, 0x00000000c3400000| Untracked 
|  11|0x00000000c3500000, 0x00000000c3600000, 0x00000000c3600000|100%| O|  |TAMS 0x00000000c3500000, 0x00000000c3500000| Untracked 
|  12|0x00000000c3600000, 0x00000000c36b0200, 0x00000000c3700000| 68%| O|  |TAMS 0x00000000c3600000, 0x00000000c3600000| Untracked 
|  13|0x00000000c3700000, 0x00000000c3700000, 0x00000000c3800000|  0%| F|  |TAMS 0x00000000c3700000, 0x00000000c3700000| Untracked 
|  14|0x00000000c3800000, 0x00000000c3800000, 0x00000000c3900000|  0%| F|  |TAMS 0x00000000c3800000, 0x00000000c3800000| Untracked 
|  15|0x00000000c3900000, 0x00000000c3900000, 0x00000000c3a00000|  0%| F|  |TAMS 0x00000000c3900000, 0x00000000c3900000| Untracked 
|  16|0x00000000c3a00000, 0x00000000c3a00000, 0x00000000c3b00000|  0%| F|  |TAMS 0x00000000c3a00000, 0x00000000c3a00000| Untracked 
|  17|0x00000000c3b00000, 0x00000000c3b00000, 0x00000000c3c00000|  0%| F|  |TAMS 0x00000000c3b00000, 0x00000000c3b00000| Untracked 
|  18|0x00000000c3c00000, 0x00000000c3c00000, 0x00000000c3d00000|  0%| F|  |TAMS 0x00000000c3c00000, 0x00000000c3c00000| Untracked 
|  19|0x00000000c3d00000, 0x00000000c3d00000, 0x00000000c3e00000|  0%| F|  |TAMS 0x00000000c3d00000, 0x00000000c3d00000| Untracked 
|  20|0x00000000c3e00000, 0x00000000c3e00000, 0x00000000c3f00000|  0%| F|  |TAMS 0x00000000c3e00000, 0x00000000c3e00000| Untracked 
|  21|0x00000000c3f00000, 0x00000000c3f00000, 0x00000000c4000000|  0%| F|  |TAMS 0x00000000c3f00000, 0x00000000c3f00000| Untracked 
|  22|0x00000000c4000000, 0x00000000c4000000, 0x00000000c4100000|  0%| F|  |TAMS 0x00000000c4000000, 0x00000000c4000000| Untracked 
|  23|0x00000000c4100000, 0x00000000c4100000, 0x00000000c4200000|  0%| F|  |TAMS 0x00000000c4100000, 0x00000000c4100000| Untracked 
|  24|0x00000000c4200000, 0x00000000c4200000, 0x00000000c4300000|  0%| F|  |TAMS 0x00000000c4200000, 0x00000000c4200000| Untracked 
|  25|0x00000000c4300000, 0x00000000c4400000, 0x00000000c4400000|100%| S|CS|TAMS 0x00000000c4300000, 0x00000000c4300000| Complete 
|  26|0x00000000c4400000, 0x00000000c4400000, 0x00000000c4500000|  0%| F|  |TAMS 0x00000000c4400000, 0x00000000c4400000| Untracked 
|  27|0x00000000c4500000, 0x00000000c4500000, 0x00000000c4600000|  0%| F|  |TAMS 0x00000000c4500000, 0x00000000c4500000| Untracked 
|  28|0x00000000c4600000, 0x00000000c4600000, 0x00000000c4700000|  0%| F|  |TAMS 0x00000000c4600000, 0x00000000c4600000| Untracked 
|  29|0x00000000c4700000, 0x00000000c4700000, 0x00000000c4800000|  0%| F|  |TAMS 0x00000000c4700000, 0x00000000c4700000| Untracked 
|  30|0x00000000c4800000, 0x00000000c4800000, 0x00000000c4900000|  0%| F|  |TAMS 0x00000000c4800000, 0x00000000c4800000| Untracked 
|  31|0x00000000c4900000, 0x00000000c4900000, 0x00000000c4a00000|  0%| F|  |TAMS 0x00000000c4900000, 0x00000000c4900000| Untracked 
|  32|0x00000000c4a00000, 0x00000000c4a00000, 0x00000000c4b00000|  0%| F|  |TAMS 0x00000000c4a00000, 0x00000000c4a00000| Untracked 
|  33|0x00000000c4b00000, 0x00000000c4b00000, 0x00000000c4c00000|  0%| F|  |TAMS 0x00000000c4b00000, 0x00000000c4b00000| Untracked 
|  34|0x00000000c4c00000, 0x00000000c4c00000, 0x00000000c4d00000|  0%| F|  |TAMS 0x00000000c4c00000, 0x00000000c4c00000| Untracked 
|  35|0x00000000c4d00000, 0x00000000c4d00000, 0x00000000c4e00000|  0%| F|  |TAMS 0x00000000c4d00000, 0x00000000c4d00000| Untracked 
|  36|0x00000000c4e00000, 0x00000000c4e00000, 0x00000000c4f00000|  0%| F|  |TAMS 0x00000000c4e00000, 0x00000000c4e00000| Untracked 
|  37|0x00000000c4f00000, 0x00000000c4f00000, 0x00000000c5000000|  0%| F|  |TAMS 0x00000000c4f00000, 0x00000000c4f00000| Untracked 
|  38|0x00000000c5000000, 0x00000000c5000000, 0x00000000c5100000|  0%| F|  |TAMS 0x00000000c5000000, 0x00000000c5000000| Untracked 
|  39|0x00000000c5100000, 0x00000000c5100000, 0x00000000c5200000|  0%| F|  |TAMS 0x00000000c5100000, 0x00000000c5100000| Untracked 
|  40|0x00000000c5200000, 0x00000000c5200000, 0x00000000c5300000|  0%| F|  |TAMS 0x00000000c5200000, 0x00000000c5200000| Untracked 
|  41|0x00000000c5300000, 0x00000000c5300000, 0x00000000c5400000|  0%| F|  |TAMS 0x00000000c5300000, 0x00000000c5300000| Untracked 
|  42|0x00000000c5400000, 0x00000000c5400000, 0x00000000c5500000|  0%| F|  |TAMS 0x00000000c5400000, 0x00000000c5400000| Untracked 
|  61|0x00000000c6700000, 0x00000000c6700000, 0x00000000c6800000|  0%| F|  |TAMS 0x00000000c6700000, 0x00000000c6700000| Untracked 

Card table byte_map: [0x000001c363540000,0x000001c363730000] _byte_map_base: 0x000001c362f2b000

Marking Bits (Prev, Next): (CMBitMap*) 0x000001c3639aba70, (CMBitMap*) 0x000001c3639aba30
 Prev Bits: [0x000001c36af80000, 0x000001c36bed8000)
 Next Bits: [0x000001c36a020000, 0x000001c36af78000)

Polling page: 0x000001c361720000

Metaspace:

Usage:
  Non-class:     24.68 MB used.
      Class:      3.42 MB used.
       Both:     28.10 MB used.

Virtual space:
  Non-class space:       64.00 MB reserved,      24.81 MB ( 39%) committed,  1 nodes.
      Class space:        1.00 GB reserved,       3.56 MB ( <1%) committed,  1 nodes.
             Both:        1.06 GB reserved,      28.38 MB (  3%) committed. 

Chunk freelists:
   Non-Class:  6.89 MB
       Class:  12.27 MB
        Both:  19.16 MB

MaxMetaspaceSize: unlimited
CompressedClassSpaceSize: 1.00 GB
Initial GC threshold: 21.00 MB
Current GC threshold: 35.12 MB
CDS: off
MetaspaceReclaimPolicy: balanced
 - commit_granule_bytes: 65536.
 - commit_granule_words: 8192.
 - virtual_space_node_default_size: 8388608.
 - enlarge_chunks_in_place: 1.
 - new_chunks_are_fully_committed: 0.
 - uncommit_free_chunks: 1.
 - use_allocation_guard: 0.
 - handle_deallocations: 1.


Internal statistics:

num_allocs_failed_limit: 5.
num_arena_births: 272.
num_arena_deaths: 0.
num_vsnodes_births: 2.
num_vsnodes_deaths: 0.
num_space_committed: 454.
num_space_uncommitted: 0.
num_chunks_returned_to_freelist: 5.
num_chunks_taken_from_freelist: 882.
num_chunk_merges: 5.
num_chunk_splits: 614.
num_chunks_enlarged: 471.
num_inconsistent_stats: 0.

CodeCache: size=49152Kb used=5501Kb max_used=5501Kb free=43650Kb
 bounds [0x000001c367020000, 0x000001c367580000, 0x000001c36a020000]
 total_blobs=2984 nmethods=2500 adapters=411
 compilation: enabled
              stopped_count=0, restarted_count=0
 full_count=0

Compilation events (20 events):
Event: 8.919 Thread 0x000001c36e5825c0 2492       1       java.lang.StackTraceElement::isHashedInJavaBase (31 bytes)
Event: 8.920 Thread 0x000001c36e5825c0 nmethod 2492 0x000001c36757b110 code [0x000001c36757b2c0, 0x000001c36757b478]
Event: 8.920 Thread 0x000001c36e2e8a70 2493       1       java.lang.Module::getLayer (43 bytes)
Event: 8.920 Thread 0x000001c36e2e8a70 nmethod 2493 0x000001c36757b590 code [0x000001c36757b740, 0x000001c36757b8e8]
Event: 8.921 Thread 0x000001c36e5825c0 2494   !   1       java.io.ObjectOutputStream::writeOrdinaryObject (196 bytes)
Event: 8.922 Thread 0x000001c36e5825c0 nmethod 2494 0x000001c36757b990 code [0x000001c36757bc20, 0x000001c36757c2e8]
Event: 8.922 Thread 0x000001c36e2e8a70 2495       1       java.io.ObjectStreamClass::checkSerialize (20 bytes)
Event: 8.923 Thread 0x000001c36e2e8a70 nmethod 2495 0x000001c36757cb10 code [0x000001c36757ccc0, 0x000001c36757ceb8]
Event: 8.923 Thread 0x000001c36e5825c0 2496   !   1       java.io.ObjectOutputStream::writeSerialData (223 bytes)
Event: 8.925 Thread 0x000001c36e5825c0 nmethod 2496 0x000001c36757d010 code [0x000001c36757d240, 0x000001c36757db08]
Event: 8.931 Thread 0x000001c36e2e8a70 2497       1       java.lang.Exception::<init> (7 bytes)
Event: 8.932 Thread 0x000001c36e2e8a70 nmethod 2497 0x000001c36757e090 code [0x000001c36757e220, 0x000001c36757e308]
Event: 8.932 Thread 0x000001c36e5825c0 2498       1       java.lang.Throwable::<init> (39 bytes)
Event: 8.933 Thread 0x000001c36e5825c0 nmethod 2498 0x000001c36757e390 code [0x000001c36757e540, 0x000001c36757e848]
Event: 8.946 Thread 0x000001c36e5825c0 2499       1       java.lang.ClassNotFoundException::<init> (7 bytes)
Event: 8.946 Thread 0x000001c36e2e8a70 2500       1       java.lang.ReflectiveOperationException::<init> (7 bytes)
Event: 8.946 Thread 0x000001c36e2e8a70 nmethod 2500 0x000001c36757e910 code [0x000001c36757eaa0, 0x000001c36757eb88]
Event: 8.947 Thread 0x000001c36e5825c0 nmethod 2499 0x000001c36757ec10 code [0x000001c36757eda0, 0x000001c36757ee88]
Event: 8.968 Thread 0x000001c36e5825c0 2501       1       java.lang.Package$VersionInfo::<init> (44 bytes)
Event: 8.968 Thread 0x000001c36e5825c0 nmethod 2501 0x000001c36757ef10 code [0x000001c36757f0c0, 0x000001c36757f418]

GC Heap History (15 events):
Event: 1.309 GC heap before
{Heap before GC invocations=0 (full 0):
 garbage-first heap   total 63488K, used 6144K [0x00000000c2a00000, 0x0000000100000000)
  region size 1024K, 6 young (6144K), 0 survivors (0K)
 Metaspace       used 6374K, committed 6528K, reserved 1114112K
  class space    used 547K, committed 576K, reserved 1048576K
}
Event: 1.317 GC heap after
{Heap after GC invocations=1 (full 0):
 garbage-first heap   total 63488K, used 5096K [0x00000000c2a00000, 0x0000000100000000)
  region size 1024K, 1 young (1024K), 1 survivors (1024K)
 Metaspace       used 6374K, committed 6528K, reserved 1114112K
  class space    used 547K, committed 576K, reserved 1048576K
}
Event: 1.629 GC heap before
{Heap before GC invocations=1 (full 0):
 garbage-first heap   total 63488K, used 7144K [0x00000000c2a00000, 0x0000000100000000)
  region size 1024K, 3 young (3072K), 1 survivors (1024K)
 Metaspace       used 7868K, committed 8064K, reserved 1114112K
  class space    used 716K, committed 832K, reserved 1048576K
}
Event: 1.636 GC heap after
{Heap after GC invocations=2 (full 0):
 garbage-first heap   total 63488K, used 6578K [0x00000000c2a00000, 0x0000000100000000)
  region size 1024K, 1 young (1024K), 1 survivors (1024K)
 Metaspace       used 7868K, committed 8064K, reserved 1114112K
  class space    used 716K, committed 832K, reserved 1048576K
}
Event: 3.042 GC heap before
{Heap before GC invocations=2 (full 0):
 garbage-first heap   total 63488K, used 12722K [0x00000000c2a00000, 0x0000000100000000)
  region size 1024K, 7 young (7168K), 1 survivors (1024K)
 Metaspace       used 13359K, committed 13568K, reserved 1114112K
  class space    used 1359K, committed 1472K, reserved 1048576K
}
Event: 3.060 GC heap after
{Heap after GC invocations=3 (full 0):
 garbage-first heap   total 63488K, used 8061K [0x00000000c2a00000, 0x0000000100000000)
  region size 1024K, 1 young (1024K), 1 survivors (1024K)
 Metaspace       used 13359K, committed 13568K, reserved 1114112K
  class space    used 1359K, committed 1472K, reserved 1048576K
}
Event: 4.667 GC heap before
{Heap before GC invocations=3 (full 0):
 garbage-first heap   total 63488K, used 20349K [0x00000000c2a00000, 0x0000000100000000)
  region size 1024K, 13 young (13312K), 1 survivors (1024K)
 Metaspace       used 17265K, committed 17472K, reserved 1114112K
  class space    used 1867K, committed 1984K, reserved 1048576K
}
Event: 4.680 GC heap after
{Heap after GC invocations=4 (full 0):
 garbage-first heap   total 63488K, used 9527K [0x00000000c2a00000, 0x0000000100000000)
  region size 1024K, 2 young (2048K), 2 survivors (2048K)
 Metaspace       used 17265K, committed 17472K, reserved 1114112K
  class space    used 1867K, committed 1984K, reserved 1048576K
}
Event: 7.079 GC heap before
{Heap before GC invocations=4 (full 0):
 garbage-first heap   total 63488K, used 26935K [0x00000000c2a00000, 0x0000000100000000)
  region size 1024K, 21 young (21504K), 2 survivors (2048K)
 Metaspace       used 21269K, committed 21504K, reserved 1114112K
  class space    used 2495K, committed 2624K, reserved 1048576K
}
Event: 7.097 GC heap after
{Heap after GC invocations=5 (full 0):
 garbage-first heap   total 63488K, used 10925K [0x00000000c2a00000, 0x0000000100000000)
  region size 1024K, 3 young (3072K), 3 survivors (3072K)
 Metaspace       used 21269K, committed 21504K, reserved 1114112K
  class space    used 2495K, committed 2624K, reserved 1048576K
}
Event: 8.399 GC heap before
{Heap before GC invocations=6 (full 0):
 garbage-first heap   total 45056K, used 33453K [0x00000000c2a00000, 0x0000000100000000)
  region size 1024K, 26 young (26624K), 3 survivors (3072K)
 Metaspace       used 25445K, committed 25792K, reserved 1114112K
  class space    used 3147K, committed 3328K, reserved 1048576K
}
Event: 8.418 GC heap after
{Heap after GC invocations=7 (full 0):
 garbage-first heap   total 45056K, used 12216K [0x00000000c2a00000, 0x0000000100000000)
  region size 1024K, 3 young (3072K), 3 survivors (3072K)
 Metaspace       used 25445K, committed 25792K, reserved 1114112K
  class space    used 3147K, committed 3328K, reserved 1048576K
}
Event: 8.462 GC heap before
{Heap before GC invocations=7 (full 0):
 garbage-first heap   total 45056K, used 13240K [0x00000000c2a00000, 0x0000000100000000)
  region size 1024K, 4 young (4096K), 3 survivors (3072K)
 Metaspace       used 25637K, committed 25984K, reserved 1114112K
  class space    used 3160K, committed 3328K, reserved 1048576K
}
Event: 8.477 GC heap after
{Heap after GC invocations=8 (full 0):
 garbage-first heap   total 45056K, used 12441K [0x00000000c2a00000, 0x0000000100000000)
  region size 1024K, 1 young (1024K), 1 survivors (1024K)
 Metaspace       used 25637K, committed 25984K, reserved 1114112K
  class space    used 3160K, committed 3328K, reserved 1048576K
}
Event: 9.061 GC heap before
{Heap before GC invocations=8 (full 0):
 garbage-first heap   total 45056K, used 28825K [0x00000000c2a00000, 0x0000000100000000)
  region size 1024K, 18 young (18432K), 1 survivors (1024K)
 Metaspace       used 28778K, committed 29056K, reserved 1114112K
  class space    used 3501K, committed 3648K, reserved 1048576K
}

Dll operation events (8 events):
Event: 0.023 Loaded shared library C:\Users\rodge\Downloads\sts-4.18.1.RELEASE\plugins\org.eclipse.justj.openjdk.hotspot.jre.full.win32.x86_64_17.0.7.v20230425-1502\jre\bin\java.dll
Event: 0.985 Loaded shared library C:\Users\rodge\Downloads\sts-4.18.1.RELEASE\plugins\org.eclipse.justj.openjdk.hotspot.jre.full.win32.x86_64_17.0.7.v20230425-1502\jre\bin\jimage.dll
Event: 1.036 Loaded shared library C:\Users\rodge\Downloads\sts-4.18.1.RELEASE\plugins\org.eclipse.justj.openjdk.hotspot.jre.full.win32.x86_64_17.0.7.v20230425-1502\jre\bin\net.dll
Event: 1.042 Loaded shared library C:\Users\rodge\Downloads\sts-4.18.1.RELEASE\plugins\org.eclipse.justj.openjdk.hotspot.jre.full.win32.x86_64_17.0.7.v20230425-1502\jre\bin\nio.dll
Event: 1.059 Loaded shared library C:\Users\rodge\Downloads\sts-4.18.1.RELEASE\plugins\org.eclipse.justj.openjdk.hotspot.jre.full.win32.x86_64_17.0.7.v20230425-1502\jre\bin\zip.dll
Event: 1.463 Loaded shared library C:\Users\rodge\Downloads\sts-4.18.1.RELEASE\plugins\org.eclipse.justj.openjdk.hotspot.jre.full.win32.x86_64_17.0.7.v20230425-1502\jre\bin\management.dll
Event: 1.535 Loaded shared library C:\Users\rodge\Downloads\sts-4.18.1.RELEASE\plugins\org.eclipse.justj.openjdk.hotspot.jre.full.win32.x86_64_17.0.7.v20230425-1502\jre\bin\management_ext.dll
Event: 2.808 Loaded shared library C:\Users\rodge\Downloads\sts-4.18.1.RELEASE\plugins\org.eclipse.justj.openjdk.hotspot.jre.full.win32.x86_64_17.0.7.v20230425-1502\jre\bin\verify.dll

Deoptimization events (2 events):
Event: 7.345 Thread 0x000001c36396f300 DEOPT PACKING pc=0x000001c3674cdc99 sp=0x0000003cdb6fd7a0
Event: 7.345 Thread 0x000001c36396f300 DEOPT UNPACKING pc=0x000001c367077124 sp=0x0000003cdb6fcc80 mode 3

Classes unloaded (0 events):
No events

Classes redefined (0 events):
No events

Internal exceptions (20 events):
Event: 7.177 Thread 0x000001c3735f5a80 Exception <a 'java/lang/reflect/InvocationTargetException'{0x00000000c67aecd0}> (0x00000000c67aecd0) 
thrown [s\src\hotspot\share\runtime\reflection.cpp, line 1121]
Event: 7.714 Thread 0x000001c36396f300 Exception <a 'java/lang/ClassNotFoundException'{0x00000000c49c6848}: java/lang/ObjectCustomizer> (0x00000000c49c6848) 
thrown [s\src\hotspot\share\classfile\systemDictionary.cpp, line 256]
Event: 7.727 Thread 0x000001c36396f300 Exception <a 'java/lang/IncompatibleClassChangeError'{0x00000000c49cb5b8}: Found class java.lang.Object, but interface was expected> (0x00000000c49cb5b8) 
thrown [s\src\hotspot\share\interpreter\linkResolver.cpp, line 826]
Event: 7.738 Thread 0x000001c36396f300 Exception <a 'java/lang/ClassNotFoundException'{0x00000000c48a0550}: org/springframework/context/annotation/ConfigurationClassPostProcessorCustomizer> (0x00000000c48a0550) 
thrown [s\src\hotspot\share\classfile\systemDictionary.cpp, line 256]
Event: 7.749 Thread 0x000001c36396f300 Exception <a 'java/lang/ClassNotFoundException'{0x00000000c48c0a28}: org/springframework/beans/factory/support/BeanDefinitionRegistryPostProcessorCustomizer> (0x00000000c48c0a28) 
thrown [s\src\hotspot\share\classfile\systemDictionary.cpp, line 256]
Event: 7.753 Thread 0x000001c36396f300 Exception <a 'java/lang/ClassNotFoundException'{0x00000000c48c6a58}: org/springframework/beans/factory/config/BeanFactoryPostProcessorCustomizer> (0x00000000c48c6a58) 
thrown [s\src\hotspot\share\classfile\systemDictionary.cpp, line 256]
Event: 7.758 Thread 0x000001c36396f300 Exception <a 'java/lang/ClassNotFoundException'{0x00000000c48cc660}: org/springframework/core/PriorityOrderedCustomizer> (0x00000000c48cc660) 
thrown [s\src\hotspot\share\classfile\systemDictionary.cpp, line 256]
Event: 7.760 Thread 0x000001c36396f300 Exception <a 'java/lang/ClassNotFoundException'{0x00000000c48d0e10}: org/springframework/core/OrderedCustomizer> (0x00000000c48d0e10) 
thrown [s\src\hotspot\share\classfile\systemDictionary.cpp, line 256]
Event: 7.763 Thread 0x000001c36396f300 Exception <a 'java/lang/ClassNotFoundException'{0x00000000c48d6958}: org/springframework/context/ResourceLoaderAwareCustomizer> (0x00000000c48d6958) 
thrown [s\src\hotspot\share\classfile\systemDictionary.cpp, line 256]
Event: 7.768 Thread 0x000001c36396f300 Exception <a 'java/lang/ClassNotFoundException'{0x00000000c48dc558}: org/springframework/beans/factory/AwareCustomizer> (0x00000000c48dc558) 
thrown [s\src\hotspot\share\classfile\systemDictionary.cpp, line 256]
Event: 7.771 Thread 0x000001c36396f300 Exception <a 'java/lang/ClassNotFoundException'{0x00000000c48e11b0}: org/springframework/context/ApplicationStartupAwareCustomizer> (0x00000000c48e11b0) 
thrown [s\src\hotspot\share\classfile\systemDictionary.cpp, line 256]
Event: 7.772 Thread 0x000001c36396f300 Exception <a 'java/lang/ClassNotFoundException'{0x00000000c48e7038}: org/springframework/beans/factory/AwareCustomizer> (0x00000000c48e7038) 
thrown [s\src\hotspot\share\classfile\systemDictionary.cpp, line 256]
Event: 7.774 Thread 0x000001c36396f300 Exception <a 'java/lang/ClassNotFoundException'{0x00000000c48ebdb8}: org/springframework/beans/factory/BeanClassLoaderAwareCustomizer> (0x00000000c48ebdb8) 
thrown [s\src\hotspot\share\classfile\systemDictionary.cpp, line 256]
Event: 7.776 Thread 0x000001c36396f300 Exception <a 'java/lang/ClassNotFoundException'{0x00000000c48f19a0}: org/springframework/beans/factory/AwareCustomizer> (0x00000000c48f19a0) 
thrown [s\src\hotspot\share\classfile\systemDictionary.cpp, line 256]
Event: 7.778 Thread 0x000001c36396f300 Exception <a 'java/lang/ClassNotFoundException'{0x00000000c48f6310}: org/springframework/context/EnvironmentAwareCustomizer> (0x00000000c48f6310) 
thrown [s\src\hotspot\share\classfile\systemDictionary.cpp, line 256]
Event: 7.779 Thread 0x000001c36396f300 Exception <a 'java/lang/ClassNotFoundException'{0x00000000c48fbe90}: org/springframework/beans/factory/AwareCustomizer> (0x00000000c48fbe90) 
thrown [s\src\hotspot\share\classfile\systemDictionary.cpp, line 256]
Event: 7.853 Thread 0x000001c3735f5a80 Exception <a 'java/lang/reflect/InvocationTargetException'{0x00000000c67b2660}> (0x00000000c67b2660) 
thrown [s\src\hotspot\share\runtime\reflection.cpp, line 1121]
Event: 8.217 Thread 0x000001c373a4e2c0 Exception <a 'java/lang/NoSuchMethodError'{0x00000000c3f90270}: 'java.lang.Object java.lang.invoke.DirectMethodHandle$Holder.invokeStaticInit(java.lang.Object, java.lang.Object, java.lang.Object, java.lang.Object, java.lang.Object)'> (0x00000000c3f90270) 
thrown [s\src\hotspot\share\interpreter\linkResolver.cpp, line 759]
Event: 8.360 Thread 0x000001c3735f5a80 Exception <a 'java/lang/reflect/InvocationTargetException'{0x00000000c67b5d70}> (0x00000000c67b5d70) 
thrown [s\src\hotspot\share\runtime\reflection.cpp, line 1121]
Event: 8.916 Thread 0x000001c3735f5a80 Exception <a 'java/lang/reflect/InvocationTargetException'{0x00000000c4ae3b68}> (0x00000000c4ae3b68) 
thrown [s\src\hotspot\share\runtime\reflection.cpp, line 1121]

VM Operations (20 events):
Event: 7.108 Executing VM operation: CollectForMetadataAllocation done
Event: 7.119 Executing VM operation: G1Concurrent
Event: 7.159 Executing VM operation: G1Concurrent done
Event: 7.164 Executing VM operation: G1Concurrent
Event: 7.164 Executing VM operation: G1Concurrent done
Event: 7.169 Executing VM operation: CollectForMetadataAllocation
Event: 7.169 Executing VM operation: CollectForMetadataAllocation done
Event: 7.334 Executing VM operation: HandshakeAllThreads
Event: 7.334 Executing VM operation: HandshakeAllThreads done
Event: 7.432 Executing VM operation: HandshakeAllThreads
Event: 7.432 Executing VM operation: HandshakeAllThreads done
Event: 7.612 Executing VM operation: HandshakeAllThreads
Event: 7.612 Executing VM operation: HandshakeAllThreads done
Event: 7.818 Executing VM operation: HandshakeAllThreads
Event: 7.818 Executing VM operation: HandshakeAllThreads done
Event: 8.399 Executing VM operation: G1CollectForAllocation
Event: 8.427 Executing VM operation: G1CollectForAllocation done
Event: 8.462 Executing VM operation: G1CollectForAllocation
Event: 8.477 Executing VM operation: G1CollectForAllocation done
Event: 9.061 Executing VM operation: G1CollectForAllocation

Events (20 events):
Event: 8.289 loading class jdk/xml/internal/XMLSecurityManager$NameMap
Event: 8.290 loading class jdk/xml/internal/XMLSecurityManager$NameMap done
Event: 8.290 loading class jdk/xml/internal/JdkProperty
Event: 8.290 loading class jdk/xml/internal/JdkProperty done
Event: 8.597 loading class java/beans/ConstructorProperties
Event: 8.598 loading class java/beans/ConstructorProperties done
Event: 8.648 loading class sun/text/resources/cldr/FormatData_en
Event: 8.650 loading class sun/text/resources/cldr/FormatData_en done
Event: 8.651 loading class sun/text/resources/cldr/FormatData_en_US
Event: 8.651 loading class sun/text/resources/cldr/FormatData_en_US done
Event: 8.698 loading class java/io/CharArrayReader
Event: 8.698 loading class java/io/CharArrayReader done
Event: 8.740 loading class java/util/concurrent/atomic/AtomicReference
Event: 8.741 loading class java/util/concurrent/atomic/AtomicReference done
Event: 8.847 Thread 0x000001c373a50e10 Thread added: 0x000001c373a50e10
Event: 8.895 loading class javax/naming/ldap/LdapContext
Event: 8.897 loading class javax/naming/directory/DirContext
Event: 8.898 loading class javax/naming/directory/DirContext done
Event: 8.898 loading class javax/naming/ldap/LdapContext done
Event: 8.948 Thread 0x000001c373a50e10 Thread exited: 0x000001c373a50e10


Dynamic libraries:
0x00007ff7dbd40000 - 0x00007ff7dbd4e000 	C:\Users\rodge\Downloads\sts-4.18.1.RELEASE\plugins\org.eclipse.justj.openjdk.hotspot.jre.full.win32.x86_64_17.0.7.v20230425-1502\jre\bin\javaw.exe
0x00007fffe0570000 - 0x00007fffe0768000 	C:\WINDOWS\SYSTEM32\ntdll.dll
0x00007fffdf160000 - 0x00007fffdf21f000 	C:\WINDOWS\System32\KERNEL32.DLL
0x00007fffddf80000 - 0x00007fffde276000 	C:\WINDOWS\System32\KERNELBASE.dll
0x00007fffdddf0000 - 0x00007fffddef0000 	C:\WINDOWS\System32\ucrtbase.dll
0x00007fffb3ad0000 - 0x00007fffb3ae7000 	C:\Users\rodge\Downloads\sts-4.18.1.RELEASE\plugins\org.eclipse.justj.openjdk.hotspot.jre.full.win32.x86_64_17.0.7.v20230425-1502\jre\bin\jli.dll
0x00007fffdf220000 - 0x00007fffdf3bd000 	C:\WINDOWS\System32\USER32.dll
0x00007fffde2f0000 - 0x00007fffde312000 	C:\WINDOWS\System32\win32u.dll
0x00007fffdf3f0000 - 0x00007fffdf41c000 	C:\WINDOWS\System32\GDI32.dll
0x00007fffddc50000 - 0x00007fffddd65000 	C:\WINDOWS\System32\gdi32full.dll
0x00007fffde530000 - 0x00007fffde5cd000 	C:\WINDOWS\System32\msvcp_win.dll
0x00007fffd1fd0000 - 0x00007fffd1fe9000 	C:\Users\rodge\Downloads\sts-4.18.1.RELEASE\plugins\org.eclipse.justj.openjdk.hotspot.jre.full.win32.x86_64_17.0.7.v20230425-1502\jre\bin\VCRUNTIME140.dll
0x00007fffc5870000 - 0x00007fffc5b0a000 	C:\WINDOWS\WinSxS\amd64_microsoft.windows.common-controls_6595b64144ccf1df_6.0.19041.1110_none_60b5254171f9507e\COMCTL32.dll
0x00007fffe0020000 - 0x00007fffe00be000 	C:\WINDOWS\System32\msvcrt.dll
0x00007fffde8e0000 - 0x00007fffde910000 	C:\WINDOWS\System32\IMM32.DLL
0x00007fffd66f0000 - 0x00007fffd66fc000 	C:\Users\rodge\Downloads\sts-4.18.1.RELEASE\plugins\org.eclipse.justj.openjdk.hotspot.jre.full.win32.x86_64_17.0.7.v20230425-1502\jre\bin\vcruntime140_1.dll
0x00007fffd13e0000 - 0x00007fffd1471000 	C:\Users\rodge\Downloads\sts-4.18.1.RELEASE\plugins\org.eclipse.justj.openjdk.hotspot.jre.full.win32.x86_64_17.0.7.v20230425-1502\jre\bin\msvcp140.dll
0x00007fffa0dd0000 - 0x00007fffa1a18000 	C:\Users\rodge\Downloads\sts-4.18.1.RELEASE\plugins\org.eclipse.justj.openjdk.hotspot.jre.full.win32.x86_64_17.0.7.v20230425-1502\jre\bin\server\jvm.dll
0x00007fffdfd20000 - 0x00007fffdfdcf000 	C:\WINDOWS\System32\ADVAPI32.dll
0x00007fffdfdd0000 - 0x00007fffdfe6c000 	C:\WINDOWS\System32\sechost.dll
0x00007fffdfbf0000 - 0x00007fffdfd16000 	C:\WINDOWS\System32\RPCRT4.dll
0x00007fffd5f50000 - 0x00007fffd5f59000 	C:\WINDOWS\SYSTEM32\WSOCK32.dll
0x00007fffdeea0000 - 0x00007fffdef0b000 	C:\WINDOWS\System32\WS2_32.dll
0x00007fffcfef0000 - 0x00007fffcff17000 	C:\WINDOWS\SYSTEM32\WINMM.dll
0x00007fffd4e70000 - 0x00007fffd4e7a000 	C:\WINDOWS\SYSTEM32\VERSION.dll
0x00007fffdc7a0000 - 0x00007fffdc7b2000 	C:\WINDOWS\SYSTEM32\kernel.appcore.dll
0x00007fffca7b0000 - 0x00007fffca7ba000 	C:\Users\rodge\Downloads\sts-4.18.1.RELEASE\plugins\org.eclipse.justj.openjdk.hotspot.jre.full.win32.x86_64_17.0.7.v20230425-1502\jre\bin\jimage.dll
0x00007fffdc190000 - 0x00007fffdc374000 	C:\WINDOWS\SYSTEM32\DBGHELP.DLL
0x00007fffd5360000 - 0x00007fffd5394000 	C:\WINDOWS\SYSTEM32\dbgcore.DLL
0x00007fffddef0000 - 0x00007fffddf72000 	C:\WINDOWS\System32\bcryptPrimitives.dll
0x00007fffb3aa0000 - 0x00007fffb3ac5000 	C:\Users\rodge\Downloads\sts-4.18.1.RELEASE\plugins\org.eclipse.justj.openjdk.hotspot.jre.full.win32.x86_64_17.0.7.v20230425-1502\jre\bin\java.dll
0x00007fffb3a80000 - 0x00007fffb3a98000 	C:\Users\rodge\Downloads\sts-4.18.1.RELEASE\plugins\org.eclipse.justj.openjdk.hotspot.jre.full.win32.x86_64_17.0.7.v20230425-1502\jre\bin\zip.dll
0x00007fffdf4a0000 - 0x00007fffdfbe4000 	C:\WINDOWS\System32\SHELL32.dll
0x00007fffdb890000 - 0x00007fffdc023000 	C:\WINDOWS\SYSTEM32\windows.storage.dll
0x00007fffdeae0000 - 0x00007fffdee34000 	C:\WINDOWS\System32\combase.dll
0x00007fffdd6b0000 - 0x00007fffdd6de000 	C:\WINDOWS\SYSTEM32\Wldp.dll
0x00007fffdfe90000 - 0x00007fffdff3d000 	C:\WINDOWS\System32\SHCORE.dll
0x00007fffdea20000 - 0x00007fffdea75000 	C:\WINDOWS\System32\shlwapi.dll
0x00007fffddb90000 - 0x00007fffddbaf000 	C:\WINDOWS\SYSTEM32\profapi.dll
0x00007fffb3a20000 - 0x00007fffb3a39000 	C:\Users\rodge\Downloads\sts-4.18.1.RELEASE\plugins\org.eclipse.justj.openjdk.hotspot.jre.full.win32.x86_64_17.0.7.v20230425-1502\jre\bin\net.dll
0x00007fffd37a0000 - 0x00007fffd38aa000 	C:\WINDOWS\SYSTEM32\WINHTTP.dll
0x00007fffdd410000 - 0x00007fffdd47a000 	C:\WINDOWS\system32\mswsock.dll
0x00007fffb3a00000 - 0x00007fffb3a15000 	C:\Users\rodge\Downloads\sts-4.18.1.RELEASE\plugins\org.eclipse.justj.openjdk.hotspot.jre.full.win32.x86_64_17.0.7.v20230425-1502\jre\bin\nio.dll
0x00007fffd13b0000 - 0x00007fffd13b9000 	C:\Users\rodge\Downloads\sts-4.18.1.RELEASE\plugins\org.eclipse.justj.openjdk.hotspot.jre.full.win32.x86_64_17.0.7.v20230425-1502\jre\bin\management.dll
0x00007fffd13a0000 - 0x00007fffd13ab000 	C:\Users\rodge\Downloads\sts-4.18.1.RELEASE\plugins\org.eclipse.justj.openjdk.hotspot.jre.full.win32.x86_64_17.0.7.v20230425-1502\jre\bin\management_ext.dll
0x00007fffdf3e0000 - 0x00007fffdf3e8000 	C:\WINDOWS\System32\PSAPI.DLL
0x00007fffbfd90000 - 0x00007fffbfda7000 	C:\WINDOWS\system32\napinsp.dll
0x00007fffbe3c0000 - 0x00007fffbe3db000 	C:\WINDOWS\system32\pnrpnsp.dll
0x00007fffd5700000 - 0x00007fffd571d000 	C:\WINDOWS\system32\NLAapi.dll
0x00007fffdd0b0000 - 0x00007fffdd0ec000 	C:\WINDOWS\SYSTEM32\IPHLPAPI.DLL
0x00007fffd8460000 - 0x00007fffd8475000 	C:\WINDOWS\system32\wshbth.dll
0x00007fffdd0f0000 - 0x00007fffdd1bb000 	C:\WINDOWS\SYSTEM32\DNSAPI.dll
0x00007fffdfe70000 - 0x00007fffdfe78000 	C:\WINDOWS\System32\NSI.dll
0x00007fffb7390000 - 0x00007fffb73a2000 	C:\WINDOWS\System32\winrnr.dll
0x00007fffd2a40000 - 0x00007fffd2a4a000 	C:\Windows\System32\rasadhlp.dll
0x00007fffd2cc0000 - 0x00007fffd2d42000 	C:\WINDOWS\System32\fwpuclnt.dll
0x00007fffddd70000 - 0x00007fffddd97000 	C:\WINDOWS\System32\bcrypt.dll
0x00007fffdd600000 - 0x00007fffdd618000 	C:\WINDOWS\SYSTEM32\CRYPTSP.dll
0x00007fffdccc0000 - 0x00007fffdccf4000 	C:\WINDOWS\system32\rsaenh.dll
0x00007fffddb10000 - 0x00007fffddb3e000 	C:\WINDOWS\SYSTEM32\USERENV.dll
0x00007fffdd620000 - 0x00007fffdd62c000 	C:\WINDOWS\SYSTEM32\CRYPTBASE.dll
0x00007fffd3a80000 - 0x00007fffd3a97000 	C:\WINDOWS\SYSTEM32\dhcpcsvc6.DLL
0x00007fffd4de0000 - 0x00007fffd4dfd000 	C:\WINDOWS\SYSTEM32\dhcpcsvc.DLL
0x00007fffca2c0000 - 0x00007fffca2d0000 	C:\Users\rodge\Downloads\sts-4.18.1.RELEASE\plugins\org.eclipse.justj.openjdk.hotspot.jre.full.win32.x86_64_17.0.7.v20230425-1502\jre\bin\verify.dll

dbghelp: loaded successfully - version: 4.0.5 - missing functions: none
symbol engine: initialized successfully - sym options: 0x614 - pdb path: .;C:\Users\rodge\Downloads\sts-4.18.1.RELEASE\plugins\org.eclipse.justj.openjdk.hotspot.jre.full.win32.x86_64_17.0.7.v20230425-1502\jre\bin;C:\WINDOWS\SYSTEM32;C:\WINDOWS\WinSxS\amd64_microsoft.windows.common-controls_6595b64144ccf1df_6.0.19041.1110_none_60b5254171f9507e;C:\Users\rodge\Downloads\sts-4.18.1.RELEASE\plugins\org.eclipse.justj.openjdk.hotspot.jre.full.win32.x86_64_17.0.7.v20230425-1502\jre\bin\server

VM Arguments:
jvm_args: -Dcom.sun.management.jmxremote -Dcom.sun.management.jmxremote.port=57396 -Dcom.sun.management.jmxremote.authenticate=false -Dcom.sun.management.jmxremote.ssl=false -Djava.rmi.server.hostname=localhost -Dspring.jmx.enabled=true -Dmanagement.endpoints.jmx.exposure.include=* -Dspring.application.admin.enabled=true -XX:TieredStopAtLevel=1 -Dspring.boot.project.name=movie-app-backend -Dfile.encoding=UTF-8 -XX:+ShowCodeDetailsInExceptionMessages 
java_command: com.example.movieappbackend.MovieAppBackendApplication --spring.output.ansi.enabled=always
java_class_path (initial): C:\Users\rodge\OneDrive\Documentos\movie-app-backend\target\classes;C:\Users\rodge\.m2\repository\org\springframework\boot\spring-boot-starter-data-jpa\2.7.10\spring-boot-starter-data-jpa-2.7.10.jar;C:\Users\rodge\.m2\repository\org\springframework\boot\spring-boot-starter-aop\2.7.10\spring-boot-starter-aop-2.7.10.jar;C:\Users\rodge\.m2\repository\org\aspectj\aspectjweaver\1.9.7\aspectjweaver-1.9.7.jar;C:\Users\rodge\.m2\repository\org\springframework\boot\spring-boot-starter-jdbc\2.7.10\spring-boot-starter-jdbc-2.7.10.jar;C:\Users\rodge\.m2\repository\com\zaxxer\HikariCP\4.0.3\HikariCP-4.0.3.jar;C:\Users\rodge\.m2\repository\org\springframework\spring-jdbc\5.3.26\spring-jdbc-5.3.26.jar;C:\Users\rodge\.m2\repository\jakarta\transaction\jakarta.transaction-api\1.3.3\jakarta.transaction-api-1.3.3.jar;C:\Users\rodge\.m2\repository\jakarta\persistence\jakarta.persistence-api\2.2.3\jakarta.persistence-api-2.2.3.jar;C:\Users\rodge\.m2\repository\org\hibernate\hibernate-core\5.6.15.Final\hibernate-core-5.6.15.Final.jar;C:\Users\rodge\.m2\repository\org\jboss\logging\jboss-logging\3.4.3.Final\jboss-logging-3.4.3.Final.jar;C:\Users\rodge\.m2\repository\net\bytebuddy\byte-buddy\1.12.23\byte-buddy-1.12.23.jar;C:\Users\rodge\.m2\repository\antlr\antlr\2.7.7\antlr-2.7.7.jar;C:\Users\rodge\.m2\repository\org\jboss\jandex\2.4.2.Final\jandex-2.4.2.Final.jar;C:\Users\rodge\.m2\repository\org\hibernate\common\hibernate-commons-annotations\5.1.2.Final\hibernate-commons-annotations-5.1.2.Final.jar;C:\Users\rodge\.m2\repository\org\glassfish\jaxb\jaxb-runtime\2.3.8\jaxb-runtime-2.3.8.jar;C:\Users\rodge\.m2\repository\org\glassfish\jaxb\txw2\2.3.8\txw2-2.3.8.jar;C:\Users\rodge\.m2\repository\com\sun\istack\istack-commons-runtime\3.0.12\istack-commons-runtime-3.0.12.jar;C:\Users\rodge\.m2\repository\org\springframework\data\spring-data-jpa\2.7.10\spring-data-jpa-2.7.10.jar;C:\Users\rodge\.m2\repository\org\springframework\data\spring-data-commons\2.7.10\spring
Launcher Type: SUN_STANDARD

[Global flags]
     intx CICompilerCount                          = 2                                         {product} {ergonomic}
     uint ConcGCThreads                            = 1                                         {product} {ergonomic}
     uint G1ConcRefinementThreads                  = 2                                         {product} {ergonomic}
   size_t G1HeapRegionSize                         = 1048576                                   {product} {ergonomic}
    uintx GCDrainStackTargetSize                   = 64                                        {product} {ergonomic}
   size_t InitialHeapSize                          = 65011712                                  {product} {ergonomic}
     bool ManagementServer                         = true                                      {product} {command line}
   size_t MarkStackSize                            = 4194304                                   {product} {ergonomic}
   size_t MaxHeapSize                              = 1029701632                                {product} {ergonomic}
   size_t MaxNewSize                               = 617611264                                 {product} {ergonomic}
   size_t MinHeapDeltaBytes                        = 1048576                                   {product} {ergonomic}
   size_t MinHeapSize                              = 8388608                                   {product} {ergonomic}
    uintx NonProfiledCodeHeapSize                  = 0                                      {pd product} {ergonomic}
     bool ProfileInterpreter                       = false                                  {pd product} {command line}
    uintx ProfiledCodeHeapSize                     = 0                                      {pd product} {ergonomic}
     bool ShowCodeDetailsInExceptionMessages       = true                                   {manageable} {command line}
   size_t SoftMaxHeapSize                          = 1029701632                             {manageable} {ergonomic}
     intx TieredStopAtLevel                        = 1                                         {product} {command line}
     bool UseCompressedClassPointers               = true                           {product lp64_product} {ergonomic}
     bool UseCompressedOops                        = true                           {product lp64_product} {ergonomic}
     bool UseG1GC                                  = true                                      {product} {ergonomic}
     bool UseLargePagesIndividualAllocation        = false                                  {pd product} {ergonomic}

Logging:
Log output configuration:
 #0: stdout all=warning uptime,level,tags
 #1: stderr all=off uptime,level,tags

Environment Variables:
JAVA_HOME=C:\Program Files\Java\jdk-17
PATH=C:/Users/rodge/Downloads/sts-4.18.1.RELEASE//plugins/org.eclipse.justj.openjdk.hotspot.jre.full.win32.x86_64_17.0.7.v20230425-1502/jre/bin/server;C:/Users/rodge/Downloads/sts-4.18.1.RELEASE//plugins/org.eclipse.justj.openjdk.hotspot.jre.full.win32.x86_64_17.0.7.v20230425-1502/jre/bin;C:\Program Files\Common Files\Oracle\Java\javapath;C:\WINDOWS\system32;C:\WINDOWS;C:\WINDOWS\System32\Wbem;C:\WINDOWS\System32\WindowsPowerShell\v1.0\;C:\WINDOWS\System32\OpenSSH\;C:\Program Files\Git\cmd;C:\Users\rodge\AppData\Local\Microsoft\WindowsApps;C:\Program Files\Java\jdk-17\bin;;C:\Users\rodge\Downloads\sts-4.18.1.RELEASE;
USERNAME=rodge
OS=Windows_NT
PROCESSOR_IDENTIFIER=Intel64 Family 6 Model 92 Stepping 9, GenuineIntel
TMP=C:\Users\rodge\AppData\Local\Temp
TEMP=C:\Users\rodge\AppData\Local\Temp



---------------  S Y S T E M  ---------------

OS:
 Windows 10 , 64 bit Build 19041 (10.0.19041.2913)
OS uptime: 11 days 1:30 hours

CPU: total 2 (initial active 2) (2 cores per cpu, 1 threads per core) family 6 model 92 stepping 9 microcode 0x38, cx8, cmov, fxsr, mmx, 3dnowpref, sse, sse2, sse3, ssse3, sse4.1, sse4.2, popcnt, tsc, tscinvbit, aes, erms, clmul, sha, clflush, clflushopt

Memory: 4k page, system-wide physical 3927M (312M free)
TotalPageFile size 11231M (AvailPageFile size 19M)
current process WorkingSet (physical memory assigned to process): 116M, peak: 116M
current process commit charge ("private bytes"): 142M, peak: 160M

vm_info: OpenJDK 64-Bit Server VM (17.0.7+7) for windows-amd64 JRE (17.0.7+7), built on Apr 18 2023 22:10:42 by "temurin" with MS VC++ 16.7 (VS2019)

END.
